# JRE version: OpenJDK Runtime Environment (8.0_152-b01) (build 1.8.0_152-release-1343-b01)
# Java VM: OpenJDK 64-Bit Server VM (25.152-b01 mixed mode windows-amd64 compressed oops)
Heap:
 PSYoungGen      total 468992K, used 230339K [0x00000000e0000000, 0x00000000ffd80000, 0x0000000100000000)
  eden space 417792K, 53% used [0x00000000e0000000,0x00000000edb548f8,0x00000000f9800000)
  from space 51200K, 11% used [0x00000000f9800000,0x00000000f9d9c3c0,0x00000000fca00000)
  to   space 49152K, 0% used [0x00000000fcd80000,0x00000000fcd80000,0x00000000ffd80000)
 ParOldGen       total 183808K, used 141160K [0x00000000a0000000, 0x00000000ab380000, 0x00000000e0000000)
  object space 183808K, 76% used [0x00000000a0000000,0x00000000a89da390,0x00000000ab380000)
 Metaspace       used 130441K, capacity 140442K, committed 140544K, reserved 1173504K
  class space    used 15989K, capacity 17403K, committed 17408K, reserved 1048576K
GC Heap History (10 events):
Event: 11646.829 GC heap before
{Heap before GC invocations=67 (full 4):
 PSYoungGen      total 468480K, used 415934K [0x00000000e0000000, 0x0000000100000000, 0x0000000100000000)
  eden space 413696K, 100% used [0x00000000e0000000,0x00000000f9400000,0x00000000f9400000)
  from space 54784K, 4% used [0x00000000fca80000,0x00000000fccafb78,0x0000000100000000)
  to   space 55296K, 0% used [0x00000000f9400000,0x00000000f9400000,0x00000000fca00000)
 ParOldGen       total 183808K, used 139757K [0x00000000a0000000, 0x00000000ab380000, 0x00000000e0000000)
  object space 183808K, 76% used [0x00000000a0000000,0x00000000a887b7a8,0x00000000ab380000)
 Metaspace       used 130352K, capacity 140360K, committed 140544K, reserved 1173504K
  class space    used 15986K, capacity 17400K, committed 17408K, reserved 1048576K
Event: 11646.841 GC heap after
Heap after GC invocations=67 (full 4):
 PSYoungGen      total 468992K, used 3933K [0x00000000e0000000, 0x00000000fff80000, 0x0000000100000000)
  eden space 413696K, 0% used [0x00000000e0000000,0x00000000e0000000,0x00000000f9400000)
  from space 55296K, 7% used [0x00000000f9400000,0x00000000f97d75a0,0x00000000fca00000)
  to   space 54784K, 0% used [0x00000000fca00000,0x00000000fca00000,0x00000000fff80000)
 ParOldGen       total 183808K, used 140271K [0x00000000a0000000, 0x00000000ab380000, 0x00000000e0000000)
  object space 183808K, 76% used [0x00000000a0000000,0x00000000a88fbda0,0x00000000ab380000)
 Metaspace       used 130352K, capacity 140360K, committed 140544K, reserved 1173504K
  class space    used 15986K, capacity 17400K, committed 17408K, reserved 1048576K
}
Event: 11648.031 GC heap before
{Heap before GC invocations=68 (full 4):
 PSYoungGen      total 468992K, used 417629K [0x00000000e0000000, 0x00000000fff80000, 0x0000000100000000)
  eden space 413696K, 100% used [0x00000000e0000000,0x00000000f9400000,0x00000000f9400000)
  from space 55296K, 7% used [0x00000000f9400000,0x00000000f97d75a0,0x00000000fca00000)
  to   space 54784K, 0% used [0x00000000fca00000,0x00000000fca00000,0x00000000fff80000)
 ParOldGen       total 183808K, used 140271K [0x00000000a0000000, 0x00000000ab380000, 0x00000000e0000000)
  object space 183808K, 76% used [0x00000000a0000000,0x00000000a88fbda0,0x00000000ab380000)
 Metaspace       used 130388K, capacity 140370K, committed 140544K, reserved 1173504K
  class space    used 15987K, capacity 17401K, committed 17408K, reserved 1048576K
Event: 11648.042 GC heap after
Heap after GC invocations=68 (full 4):
 PSYoungGen      total 466944K, used 3409K [0x00000000e0000000, 0x00000000ffd80000, 0x0000000100000000)
  eden space 414208K, 0% used [0x00000000e0000000,0x00000000e0000000,0x00000000f9480000)
  from space 52736K, 6% used [0x00000000fca00000,0x00000000fcd544c8,0x00000000ffd80000)
  to   space 53760K, 0% used [0x00000000f9480000,0x00000000f9480000,0x00000000fc900000)
 ParOldGen       total 183808K, used 140323K [0x00000000a0000000, 0x00000000ab380000, 0x00000000e0000000)
  object space 183808K, 76% used [0x00000000a0000000,0x00000000a8908db0,0x00000000ab380000)
 Metaspace       used 130388K, capacity 140370K, committed 140544K, reserved 1173504K
  class space    used 15987K, capacity 17401K, committed 17408K, reserved 1048576K
}
Event: 11649.098 GC heap before
{Heap before GC invocations=69 (full 4):
 PSYoungGen      total 466944K, used 417617K [0x00000000e0000000, 0x00000000ffd80000, 0x0000000100000000)
  eden space 414208K, 100% used [0x00000000e0000000,0x00000000f9480000,0x00000000f9480000)
  from space 52736K, 6% used [0x00000000fca00000,0x00000000fcd544c8,0x00000000ffd80000)
  to   space 53760K, 0% used [0x00000000f9480000,0x00000000f9480000,0x00000000fc900000)
 ParOldGen       total 183808K, used 140323K [0x00000000a0000000, 0x00000000ab380000, 0x00000000e0000000)
  object space 183808K, 76% used [0x00000000a0000000,0x00000000a8908db0,0x00000000ab380000)
 Metaspace       used 130393K, capacity 140370K, committed 140544K, reserved 1173504K
  class space    used 15987K, capacity 17401K, committed 17408K, reserved 1048576K
Event: 11649.107 GC heap after
Heap after GC invocations=69 (full 4):
 PSYoungGen      total 467968K, used 5002K [0x00000000e0000000, 0x00000000fff00000, 0x0000000100000000)
  eden space 414208K, 0% used [0x00000000e0000000,0x00000000e0000000,0x00000000f9480000)
  from space 53760K, 9% used [0x00000000f9480000,0x00000000f99628d0,0x00000000fc900000)
  to   space 52736K, 0% used [0x00000000fcb80000,0x00000000fcb80000,0x00000000fff00000)
 ParOldGen       total 183808K, used 140339K [0x00000000a0000000, 0x00000000ab380000, 0x00000000e0000000)
  object space 183808K, 76% used [0x00000000a0000000,0x00000000a890cdb0,0x00000000ab380000)
 Metaspace       used 130393K, capacity 140370K, committed 140544K, reserved 1173504K
  class space    used 15987K, capacity 17401K, committed 17408K, reserved 1048576K
}
Event: 11650.145 GC heap before
{Heap before GC invocations=70 (full 4):
 PSYoungGen      total 467968K, used 419210K [0x00000000e0000000, 0x00000000fff00000, 0x0000000100000000)
  eden space 414208K, 100% used [0x00000000e0000000,0x00000000f9480000,0x00000000f9480000)
  from space 53760K, 9% used [0x00000000f9480000,0x00000000f99628d0,0x00000000fc900000)
  to   space 52736K, 0% used [0x00000000fcb80000,0x00000000fcb80000,0x00000000fff00000)
 ParOldGen       total 183808K, used 140339K [0x00000000a0000000, 0x00000000ab380000, 0x00000000e0000000)
  object space 183808K, 76% used [0x00000000a0000000,0x00000000a890cdb0,0x00000000ab380000)
 Metaspace       used 130401K, capacity 140370K, committed 140544K, reserved 1173504K
  class space    used 15988K, capacity 17401K, committed 17408K, reserved 1048576K
Event: 11650.160 GC heap after
Heap after GC invocations=70 (full 4):
 PSYoungGen      total 467456K, used 4889K [0x00000000e0000000, 0x00000000ffc00000, 0x0000000100000000)
  eden space 417792K, 0% used [0x00000000e0000000,0x00000000e0000000,0x00000000f9800000)
  from space 49664K, 9% used [0x00000000fcb80000,0x00000000fd046758,0x00000000ffc00000)
  to   space 51200K, 0% used [0x00000000f9800000,0x00000000f9800000,0x00000000fca00000)
 ParOldGen       total 183808K, used 140670K [0x00000000a0000000, 0x00000000ab380000, 0x00000000e0000000)
  object space 183808K, 76% used [0x00000000a0000000,0x00000000a895f878,0x00000000ab380000)
 Metaspace       used 130401K, capacity 140370K, committed 140544K, reserved 1173504K
  class space    used 15988K, capacity 17401K, committed 17408K, reserved 1048576K
}
Event: 11651.613 GC heap before
{Heap before GC invocations=71 (full 4):
 PSYoungGen      total 467456K, used 422681K [0x00000000e0000000, 0x00000000ffc00000, 0x0000000100000000)
  eden space 417792K, 100% used [0x00000000e0000000,0x00000000f9800000,0x00000000f9800000)
  from space 49664K, 9% used [0x00000000fcb80000,0x00000000fd046758,0x00000000ffc00000)
  to   space 51200K, 0% used [0x00000000f9800000,0x00000000f9800000,0x00000000fca00000)
 ParOldGen       total 183808K, used 140670K [0x00000000a0000000, 0x00000000ab380000, 0x00000000e0000000)
  object space 183808K, 76% used [0x00000000a0000000,0x00000000a895f878,0x00000000ab380000)
 Metaspace       used 130433K, capacity 140442K, committed 140544K, reserved 1173504K
  class space    used 15989K, capacity 17403K, committed 17408K, reserved 1048576K
Event: 11651.634 GC heap after
Heap after GC invocations=71 (full 4):
 PSYoungGen      total 468992K, used 5744K [0x00000000e0000000, 0x00000000ffd80000, 0x0000000100000000)
  eden space 417792K, 0% used [0x00000000e0000000,0x00000000e0000000,0x00000000f9800000)
  from space 51200K, 11% used [0x00000000f9800000,0x00000000f9d9c3c0,0x00000000fca00000)
  to   space 49152K, 0% used [0x00000000fcd80000,0x00000000fcd80000,0x00000000ffd80000)
 ParOldGen       total 183808K, used 141160K [0x00000000a0000000, 0x00000000ab380000, 0x00000000e0000000)
  object space 183808K, 76% used [0x00000000a0000000,0x00000000a89da390,0x00000000ab380000)
 Metaspace       used 130433K, capacity 140442K, committed 140544K, reserved 1173504K
  class space    used 15989K, capacity 17403K, committed 17408K, reserved 1048576K
}

